<?xml version="1.0" encoding="UTF-8"?>
<testsuite xmlns:xsi="http://www.w3.org/2001/XMLSchema-instance" xsi:noNamespaceSchemaLocation="https://maven.apache.org/surefire/maven-surefire-plugin/xsd/surefire-test-report-3.0.xsd" version="3.0" name="pt.ua.tqs.moliceiro.meals.MoliceiroMealsApplicationTests" time="12.722" tests="2" errors="0" skipped="0" failures="0">
  <properties>
    <property name="java.specification.version" value="21"/>
    <property name="sun.jnu.encoding" value="UTF-8"/>
    <property name="java.class.path" value="/home/ugo/Desktop/UA/3ano/2semestre/TQS/P/TQS_HW1/target/test-classes:/home/ugo/Desktop/UA/3ano/2semestre/TQS/P/TQS_HW1/target/classes:/home/ugo/.m2/repository/org/springframework/boot/spring-boot-starter-data-jpa/3.2.5/spring-boot-starter-data-jpa-3.2.5.jar:/home/ugo/.m2/repository/org/springframework/boot/spring-boot-starter-aop/3.2.5/spring-boot-starter-aop-3.2.5.jar:/home/ugo/.m2/repository/org/springframework/spring-aop/6.1.6/spring-aop-6.1.6.jar:/home/ugo/.m2/repository/org/aspectj/aspectjweaver/1.9.22/aspectjweaver-1.9.22.jar:/home/ugo/.m2/repository/org/springframework/boot/spring-boot-starter-jdbc/3.2.5/spring-boot-starter-jdbc-3.2.5.jar:/home/ugo/.m2/repository/com/zaxxer/HikariCP/5.0.1/HikariCP-5.0.1.jar:/home/ugo/.m2/repository/org/springframework/spring-jdbc/6.1.6/spring-jdbc-6.1.6.jar:/home/ugo/.m2/repository/org/hibernate/orm/hibernate-core/6.4.4.Final/hibernate-core-6.4.4.Final.jar:/home/ugo/.m2/repository/jakarta/persistence/jakarta.persistence-api/3.1.0/jakarta.persistence-api-3.1.0.jar:/home/ugo/.m2/repository/jakarta/transaction/jakarta.transaction-api/2.0.1/jakarta.transaction-api-2.0.1.jar:/home/ugo/.m2/repository/org/jboss/logging/jboss-logging/3.5.3.Final/jboss-logging-3.5.3.Final.jar:/home/ugo/.m2/repository/org/hibernate/common/hibernate-commons-annotations/6.0.6.Final/hibernate-commons-annotations-6.0.6.Final.jar:/home/ugo/.m2/repository/io/smallrye/jandex/3.1.2/jandex-3.1.2.jar:/home/ugo/.m2/repository/com/fasterxml/classmate/1.6.0/classmate-1.6.0.jar:/home/ugo/.m2/repository/net/bytebuddy/byte-buddy/1.14.13/byte-buddy-1.14.13.jar:/home/ugo/.m2/repository/org/glassfish/jaxb/jaxb-runtime/4.0.5/jaxb-runtime-4.0.5.jar:/home/ugo/.m2/repository/org/glassfish/jaxb/jaxb-core/4.0.5/jaxb-core-4.0.5.jar:/home/ugo/.m2/repository/org/eclipse/angus/angus-activation/2.0.2/angus-activation-2.0.2.jar:/home/ugo/.m2/repository/org/glassfish/jaxb/txw2/4.0.5/txw2-4.0.5.jar:/home/ugo/.m2/repository/com/sun/istack/istack-commons-runtime/4.1.2/istack-commons-runtime-4.1.2.jar:/home/ugo/.m2/repository/jakarta/inject/jakarta.inject-api/2.0.1/jakarta.inject-api-2.0.1.jar:/home/ugo/.m2/repository/org/antlr/antlr4-runtime/4.13.0/antlr4-runtime-4.13.0.jar:/home/ugo/.m2/repository/org/springframework/data/spring-data-jpa/3.2.5/spring-data-jpa-3.2.5.jar:/home/ugo/.m2/repository/org/springframework/data/spring-data-commons/3.2.5/spring-data-commons-3.2.5.jar:/home/ugo/.m2/repository/org/springframework/spring-orm/6.1.6/spring-orm-6.1.6.jar:/home/ugo/.m2/repository/org/springframework/spring-context/6.1.6/spring-context-6.1.6.jar:/home/ugo/.m2/repository/org/springframework/spring-tx/6.1.6/spring-tx-6.1.6.jar:/home/ugo/.m2/repository/org/springframework/spring-beans/6.1.6/spring-beans-6.1.6.jar:/home/ugo/.m2/repository/jakarta/annotation/jakarta.annotation-api/2.1.1/jakarta.annotation-api-2.1.1.jar:/home/ugo/.m2/repository/org/springframework/spring-aspects/6.1.6/spring-aspects-6.1.6.jar:/home/ugo/.m2/repository/org/springframework/boot/spring-boot-starter-web/3.2.5/spring-boot-starter-web-3.2.5.jar:/home/ugo/.m2/repository/org/springframework/boot/spring-boot-starter/3.2.5/spring-boot-starter-3.2.5.jar:/home/ugo/.m2/repository/org/springframework/boot/spring-boot-starter-logging/3.2.5/spring-boot-starter-logging-3.2.5.jar:/home/ugo/.m2/repository/ch/qos/logback/logback-classic/1.4.14/logback-classic-1.4.14.jar:/home/ugo/.m2/repository/ch/qos/logback/logback-core/1.4.14/logback-core-1.4.14.jar:/home/ugo/.m2/repository/org/apache/logging/log4j/log4j-to-slf4j/2.21.1/log4j-to-slf4j-2.21.1.jar:/home/ugo/.m2/repository/org/apache/logging/log4j/log4j-api/2.21.1/log4j-api-2.21.1.jar:/home/ugo/.m2/repository/org/slf4j/jul-to-slf4j/2.0.13/jul-to-slf4j-2.0.13.jar:/home/ugo/.m2/repository/org/yaml/snakeyaml/2.2/snakeyaml-2.2.jar:/home/ugo/.m2/repository/org/springframework/boot/spring-boot-starter-json/3.2.5/spring-boot-starter-json-3.2.5.jar:/home/ugo/.m2/repository/com/fasterxml/jackson/core/jackson-databind/2.15.4/jackson-databind-2.15.4.jar:/home/ugo/.m2/repository/com/fasterxml/jackson/core/jackson-core/2.15.4/jackson-core-2.15.4.jar:/home/ugo/.m2/repository/com/fasterxml/jackson/datatype/jackson-datatype-jdk8/2.15.4/jackson-datatype-jdk8-2.15.4.jar:/home/ugo/.m2/repository/com/fasterxml/jackson/datatype/jackson-datatype-jsr310/2.15.4/jackson-datatype-jsr310-2.15.4.jar:/home/ugo/.m2/repository/com/fasterxml/jackson/module/jackson-module-parameter-names/2.15.4/jackson-module-parameter-names-2.15.4.jar:/home/ugo/.m2/repository/org/springframework/boot/spring-boot-starter-tomcat/3.2.5/spring-boot-starter-tomcat-3.2.5.jar:/home/ugo/.m2/repository/org/apache/tomcat/embed/tomcat-embed-core/10.1.20/tomcat-embed-core-10.1.20.jar:/home/ugo/.m2/repository/org/apache/tomcat/embed/tomcat-embed-websocket/10.1.20/tomcat-embed-websocket-10.1.20.jar:/home/ugo/.m2/repository/org/springframework/spring-web/6.1.6/spring-web-6.1.6.jar:/home/ugo/.m2/repository/org/springframework/spring-webmvc/6.1.6/spring-webmvc-6.1.6.jar:/home/ugo/.m2/repository/org/springframework/spring-expression/6.1.6/spring-expression-6.1.6.jar:/home/ugo/.m2/repository/org/springframework/boot/spring-boot-starter-cache/3.2.5/spring-boot-starter-cache-3.2.5.jar:/home/ugo/.m2/repository/org/springframework/spring-context-support/6.1.6/spring-context-support-6.1.6.jar:/home/ugo/.m2/repository/org/springframework/boot/spring-boot-starter-validation/3.2.5/spring-boot-starter-validation-3.2.5.jar:/home/ugo/.m2/repository/org/apache/tomcat/embed/tomcat-embed-el/10.1.20/tomcat-embed-el-10.1.20.jar:/home/ugo/.m2/repository/org/hibernate/validator/hibernate-validator/8.0.1.Final/hibernate-validator-8.0.1.Final.jar:/home/ugo/.m2/repository/jakarta/validation/jakarta.validation-api/3.0.2/jakarta.validation-api-3.0.2.jar:/home/ugo/.m2/repository/org/springframework/boot/spring-boot-starter-actuator/3.2.5/spring-boot-starter-actuator-3.2.5.jar:/home/ugo/.m2/repository/org/springframework/boot/spring-boot-actuator-autoconfigure/3.2.5/spring-boot-actuator-autoconfigure-3.2.5.jar:/home/ugo/.m2/repository/org/springframework/boot/spring-boot-actuator/3.2.5/spring-boot-actuator-3.2.5.jar:/home/ugo/.m2/repository/io/micrometer/micrometer-observation/1.12.5/micrometer-observation-1.12.5.jar:/home/ugo/.m2/repository/io/micrometer/micrometer-commons/1.12.5/micrometer-commons-1.12.5.jar:/home/ugo/.m2/repository/io/micrometer/micrometer-jakarta9/1.12.5/micrometer-jakarta9-1.12.5.jar:/home/ugo/.m2/repository/io/micrometer/micrometer-core/1.12.5/micrometer-core-1.12.5.jar:/home/ugo/.m2/repository/org/hdrhistogram/HdrHistogram/2.1.12/HdrHistogram-2.1.12.jar:/home/ugo/.m2/repository/org/latencyutils/LatencyUtils/2.0.3/LatencyUtils-2.0.3.jar:/home/ugo/.m2/repository/org/springframework/cloud/spring-cloud-starter-openfeign/4.1.0/spring-cloud-starter-openfeign-4.1.0.jar:/home/ugo/.m2/repository/org/springframework/cloud/spring-cloud-starter/4.1.0/spring-cloud-starter-4.1.0.jar:/home/ugo/.m2/repository/org/springframework/cloud/spring-cloud-context/4.1.0/spring-cloud-context-4.1.0.jar:/home/ugo/.m2/repository/org/springframework/security/spring-security-rsa/1.1.1/spring-security-rsa-1.1.1.jar:/home/ugo/.m2/repository/org/bouncycastle/bcprov-jdk18on/1.74/bcprov-jdk18on-1.74.jar:/home/ugo/.m2/repository/org/springframework/cloud/spring-cloud-openfeign-core/4.1.0/spring-cloud-openfeign-core-4.1.0.jar:/home/ugo/.m2/repository/io/github/openfeign/form/feign-form-spring/3.8.0/feign-form-spring-3.8.0.jar:/home/ugo/.m2/repository/io/github/openfeign/form/feign-form/3.8.0/feign-form-3.8.0.jar:/home/ugo/.m2/repository/commons-fileupload/commons-fileupload/1.5/commons-fileupload-1.5.jar:/home/ugo/.m2/repository/commons-io/commons-io/2.11.0/commons-io-2.11.0.jar:/home/ugo/.m2/repository/org/springframework/cloud/spring-cloud-commons/4.1.0/spring-cloud-commons-4.1.0.jar:/home/ugo/.m2/repository/org/springframework/security/spring-security-crypto/6.2.4/spring-security-crypto-6.2.4.jar:/home/ugo/.m2/repository/io/github/openfeign/feign-core/13.1/feign-core-13.1.jar:/home/ugo/.m2/repository/io/github/openfeign/feign-slf4j/13.1/feign-slf4j-13.1.jar:/home/ugo/.m2/repository/com/github/ben-manes/caffeine/caffeine/3.1.8/caffeine-3.1.8.jar:/home/ugo/.m2/repository/org/checkerframework/checker-qual/3.37.0/checker-qual-3.37.0.jar:/home/ugo/.m2/repository/com/google/errorprone/error_prone_annotations/2.21.1/error_prone_annotations-2.21.1.jar:/home/ugo/.m2/repository/org/springframework/boot/spring-boot-devtools/3.2.5/spring-boot-devtools-3.2.5.jar:/home/ugo/.m2/repository/org/springframework/boot/spring-boot/3.2.5/spring-boot-3.2.5.jar:/home/ugo/.m2/repository/org/springframework/boot/spring-boot-autoconfigure/3.2.5/spring-boot-autoconfigure-3.2.5.jar:/home/ugo/.m2/repository/org/postgresql/postgresql/42.6.2/postgresql-42.6.2.jar:/home/ugo/.m2/repository/org/projectlombok/lombok/1.18.32/lombok-1.18.32.jar:/home/ugo/.m2/repository/org/springframework/boot/spring-boot-starter-test/3.2.5/spring-boot-starter-test-3.2.5.jar:/home/ugo/.m2/repository/org/springframework/boot/spring-boot-test/3.2.5/spring-boot-test-3.2.5.jar:/home/ugo/.m2/repository/org/springframework/boot/spring-boot-test-autoconfigure/3.2.5/spring-boot-test-autoconfigure-3.2.5.jar:/home/ugo/.m2/repository/com/jayway/jsonpath/json-path/2.9.0/json-path-2.9.0.jar:/home/ugo/.m2/repository/jakarta/xml/bind/jakarta.xml.bind-api/4.0.2/jakarta.xml.bind-api-4.0.2.jar:/home/ugo/.m2/repository/jakarta/activation/jakarta.activation-api/2.1.3/jakarta.activation-api-2.1.3.jar:/home/ugo/.m2/repository/net/minidev/json-smart/2.5.1/json-smart-2.5.1.jar:/home/ugo/.m2/repository/net/minidev/accessors-smart/2.5.1/accessors-smart-2.5.1.jar:/home/ugo/.m2/repository/org/ow2/asm/asm/9.6/asm-9.6.jar:/home/ugo/.m2/repository/org/assertj/assertj-core/3.24.2/assertj-core-3.24.2.jar:/home/ugo/.m2/repository/org/awaitility/awaitility/4.2.1/awaitility-4.2.1.jar:/home/ugo/.m2/repository/org/hamcrest/hamcrest/2.2/hamcrest-2.2.jar:/home/ugo/.m2/repository/org/junit/jupiter/junit-jupiter/5.10.2/junit-jupiter-5.10.2.jar:/home/ugo/.m2/repository/org/junit/jupiter/junit-jupiter-api/5.10.2/junit-jupiter-api-5.10.2.jar:/home/ugo/.m2/repository/org/opentest4j/opentest4j/1.3.0/opentest4j-1.3.0.jar:/home/ugo/.m2/repository/org/junit/platform/junit-platform-commons/1.10.2/junit-platform-commons-1.10.2.jar:/home/ugo/.m2/repository/org/junit/jupiter/junit-jupiter-params/5.10.2/junit-jupiter-params-5.10.2.jar:/home/ugo/.m2/repository/org/junit/jupiter/junit-jupiter-engine/5.10.2/junit-jupiter-engine-5.10.2.jar:/home/ugo/.m2/repository/org/junit/platform/junit-platform-engine/1.10.2/junit-platform-engine-1.10.2.jar:/home/ugo/.m2/repository/org/mockito/mockito-core/5.7.0/mockito-core-5.7.0.jar:/home/ugo/.m2/repository/net/bytebuddy/byte-buddy-agent/1.14.13/byte-buddy-agent-1.14.13.jar:/home/ugo/.m2/repository/org/objenesis/objenesis/3.3/objenesis-3.3.jar:/home/ugo/.m2/repository/org/mockito/mockito-junit-jupiter/5.7.0/mockito-junit-jupiter-5.7.0.jar:/home/ugo/.m2/repository/org/skyscreamer/jsonassert/1.5.1/jsonassert-1.5.1.jar:/home/ugo/.m2/repository/com/vaadin/external/google/android-json/0.0.20131108.vaadin1/android-json-0.0.20131108.vaadin1.jar:/home/ugo/.m2/repository/org/springframework/spring-core/6.1.6/spring-core-6.1.6.jar:/home/ugo/.m2/repository/org/springframework/spring-jcl/6.1.6/spring-jcl-6.1.6.jar:/home/ugo/.m2/repository/org/springframework/spring-test/6.1.6/spring-test-6.1.6.jar:/home/ugo/.m2/repository/org/xmlunit/xmlunit-core/2.9.1/xmlunit-core-2.9.1.jar:/home/ugo/.m2/repository/io/rest-assured/rest-assured/5.3.2/rest-assured-5.3.2.jar:/home/ugo/.m2/repository/org/apache/groovy/groovy/4.0.21/groovy-4.0.21.jar:/home/ugo/.m2/repository/org/apache/groovy/groovy-xml/4.0.21/groovy-xml-4.0.21.jar:/home/ugo/.m2/repository/org/apache/httpcomponents/httpclient/4.5.13/httpclient-4.5.13.jar:/home/ugo/.m2/repository/org/apache/httpcomponents/httpcore/4.4.16/httpcore-4.4.16.jar:/home/ugo/.m2/repository/commons-logging/commons-logging/1.2/commons-logging-1.2.jar:/home/ugo/.m2/repository/commons-codec/commons-codec/1.16.1/commons-codec-1.16.1.jar:/home/ugo/.m2/repository/org/apache/httpcomponents/httpmime/4.5.13/httpmime-4.5.13.jar:/home/ugo/.m2/repository/org/ccil/cowan/tagsoup/tagsoup/1.2.1/tagsoup-1.2.1.jar:/home/ugo/.m2/repository/io/rest-assured/json-path/5.3.2/json-path-5.3.2.jar:/home/ugo/.m2/repository/org/apache/groovy/groovy-json/4.0.21/groovy-json-4.0.21.jar:/home/ugo/.m2/repository/io/rest-assured/rest-assured-common/5.3.2/rest-assured-common-5.3.2.jar:/home/ugo/.m2/repository/io/rest-assured/xml-path/5.3.2/xml-path-5.3.2.jar:/home/ugo/.m2/repository/org/apache/commons/commons-lang3/3.13.0/commons-lang3-3.13.0.jar:/home/ugo/.m2/repository/org/seleniumhq/selenium/selenium-java/4.14.1/selenium-java-4.14.1.jar:/home/ugo/.m2/repository/org/seleniumhq/selenium/selenium-api/4.14.1/selenium-api-4.14.1.jar:/home/ugo/.m2/repository/org/seleniumhq/selenium/selenium-chrome-driver/4.14.1/selenium-chrome-driver-4.14.1.jar:/home/ugo/.m2/repository/com/google/auto/service/auto-service-annotations/1.1.1/auto-service-annotations-1.1.1.jar:/home/ugo/.m2/repository/com/google/guava/guava/32.1.2-jre/guava-32.1.2-jre.jar:/home/ugo/.m2/repository/com/google/guava/failureaccess/1.0.1/failureaccess-1.0.1.jar:/home/ugo/.m2/repository/com/google/guava/listenablefuture/9999.0-empty-to-avoid-conflict-with-guava/listenablefuture-9999.0-empty-to-avoid-conflict-with-guava.jar:/home/ugo/.m2/repository/com/google/code/findbugs/jsr305/3.0.2/jsr305-3.0.2.jar:/home/ugo/.m2/repository/com/google/j2objc/j2objc-annotations/2.8/j2objc-annotations-2.8.jar:/home/ugo/.m2/repository/org/seleniumhq/selenium/selenium-chromium-driver/4.14.1/selenium-chromium-driver-4.14.1.jar:/home/ugo/.m2/repository/org/seleniumhq/selenium/selenium-json/4.14.1/selenium-json-4.14.1.jar:/home/ugo/.m2/repository/org/seleniumhq/selenium/selenium-manager/4.14.1/selenium-manager-4.14.1.jar:/home/ugo/.m2/repository/org/seleniumhq/selenium/selenium-devtools-v116/4.14.1/selenium-devtools-v116-4.14.1.jar:/home/ugo/.m2/repository/org/seleniumhq/selenium/selenium-devtools-v117/4.14.1/selenium-devtools-v117-4.14.1.jar:/home/ugo/.m2/repository/org/seleniumhq/selenium/selenium-devtools-v118/4.14.1/selenium-devtools-v118-4.14.1.jar:/home/ugo/.m2/repository/org/seleniumhq/selenium/selenium-devtools-v85/4.14.1/selenium-devtools-v85-4.14.1.jar:/home/ugo/.m2/repository/org/seleniumhq/selenium/selenium-edge-driver/4.14.1/selenium-edge-driver-4.14.1.jar:/home/ugo/.m2/repository/org/seleniumhq/selenium/selenium-firefox-driver/4.14.1/selenium-firefox-driver-4.14.1.jar:/home/ugo/.m2/repository/org/seleniumhq/selenium/selenium-http/4.14.1/selenium-http-4.14.1.jar:/home/ugo/.m2/repository/dev/failsafe/failsafe/3.3.2/failsafe-3.3.2.jar:/home/ugo/.m2/repository/org/seleniumhq/selenium/selenium-ie-driver/4.14.1/selenium-ie-driver-4.14.1.jar:/home/ugo/.m2/repository/org/seleniumhq/selenium/selenium-remote-driver/4.14.1/selenium-remote-driver-4.14.1.jar:/home/ugo/.m2/repository/io/opentelemetry/opentelemetry-api/1.31.0/opentelemetry-api-1.31.0.jar:/home/ugo/.m2/repository/io/opentelemetry/opentelemetry-context/1.31.0/opentelemetry-context-1.31.0.jar:/home/ugo/.m2/repository/io/opentelemetry/opentelemetry-exporter-logging/1.31.0/opentelemetry-exporter-logging-1.31.0.jar:/home/ugo/.m2/repository/io/opentelemetry/opentelemetry-sdk-common/1.31.0/opentelemetry-sdk-common-1.31.0.jar:/home/ugo/.m2/repository/io/opentelemetry/opentelemetry-sdk-extension-autoconfigure-spi/1.31.0/opentelemetry-sdk-extension-autoconfigure-spi-1.31.0.jar:/home/ugo/.m2/repository/io/opentelemetry/opentelemetry-sdk-extension-autoconfigure/1.31.0/opentelemetry-sdk-extension-autoconfigure-1.31.0.jar:/home/ugo/.m2/repository/io/opentelemetry/opentelemetry-api-events/1.31.0-alpha/opentelemetry-api-events-1.31.0-alpha.jar:/home/ugo/.m2/repository/io/opentelemetry/opentelemetry-sdk-trace/1.31.0/opentelemetry-sdk-trace-1.31.0.jar:/home/ugo/.m2/repository/io/opentelemetry/opentelemetry-sdk/1.31.0/opentelemetry-sdk-1.31.0.jar:/home/ugo/.m2/repository/io/opentelemetry/opentelemetry-sdk-metrics/1.31.0/opentelemetry-sdk-metrics-1.31.0.jar:/home/ugo/.m2/repository/io/opentelemetry/opentelemetry-extension-incubator/1.31.0-alpha/opentelemetry-extension-incubator-1.31.0-alpha.jar:/home/ugo/.m2/repository/io/opentelemetry/opentelemetry-sdk-logs/1.31.0/opentelemetry-sdk-logs-1.31.0.jar:/home/ugo/.m2/repository/io/opentelemetry/opentelemetry-semconv/1.28.0-alpha/opentelemetry-semconv-1.28.0-alpha.jar:/home/ugo/.m2/repository/org/seleniumhq/selenium/selenium-os/4.14.1/selenium-os-4.14.1.jar:/home/ugo/.m2/repository/org/apache/commons/commons-exec/1.3/commons-exec-1.3.jar:/home/ugo/.m2/repository/org/seleniumhq/selenium/selenium-safari-driver/4.14.1/selenium-safari-driver-4.14.1.jar:/home/ugo/.m2/repository/org/seleniumhq/selenium/selenium-support/4.14.1/selenium-support-4.14.1.jar:/home/ugo/.m2/repository/io/cucumber/cucumber-java/7.15.0/cucumber-java-7.15.0.jar:/home/ugo/.m2/repository/io/cucumber/cucumber-core/7.15.0/cucumber-core-7.15.0.jar:/home/ugo/.m2/repository/io/cucumber/cucumber-gherkin/7.15.0/cucumber-gherkin-7.15.0.jar:/home/ugo/.m2/repository/io/cucumber/cucumber-gherkin-messages/7.15.0/cucumber-gherkin-messages-7.15.0.jar:/home/ugo/.m2/repository/io/cucumber/gherkin/26.2.0/gherkin-26.2.0.jar:/home/ugo/.m2/repository/io/cucumber/messages/22.0.0/messages-22.0.0.jar:/home/ugo/.m2/repository/io/cucumber/tag-expressions/6.0.0/tag-expressions-6.0.0.jar:/home/ugo/.m2/repository/io/cucumber/cucumber-expressions/17.0.1/cucumber-expressions-17.0.1.jar:/home/ugo/.m2/repository/io/cucumber/datatable/7.15.0/datatable-7.15.0.jar:/home/ugo/.m2/repository/io/cucumber/cucumber-plugin/7.15.0/cucumber-plugin-7.15.0.jar:/home/ugo/.m2/repository/io/cucumber/docstring/7.15.0/docstring-7.15.0.jar:/home/ugo/.m2/repository/io/cucumber/html-formatter/20.4.0/html-formatter-20.4.0.jar:/home/ugo/.m2/repository/io/cucumber/junit-xml-formatter/0.2.0/junit-xml-formatter-0.2.0.jar:/home/ugo/.m2/repository/io/cucumber/ci-environment/10.0.0/ci-environment-10.0.0.jar:/home/ugo/.m2/repository/org/apiguardian/apiguardian-api/1.1.2/apiguardian-api-1.1.2.jar:/home/ugo/.m2/repository/io/cucumber/cucumber-spring/7.15.0/cucumber-spring-7.15.0.jar:/home/ugo/.m2/repository/com/h2database/h2/2.2.224/h2-2.2.224.jar:/home/ugo/.m2/repository/org/springdoc/springdoc-openapi-starter-webmvc-ui/2.3.0/springdoc-openapi-starter-webmvc-ui-2.3.0.jar:/home/ugo/.m2/repository/org/springdoc/springdoc-openapi-starter-webmvc-api/2.3.0/springdoc-openapi-starter-webmvc-api-2.3.0.jar:/home/ugo/.m2/repository/org/springdoc/springdoc-openapi-starter-common/2.3.0/springdoc-openapi-starter-common-2.3.0.jar:/home/ugo/.m2/repository/io/swagger/core/v3/swagger-core-jakarta/2.2.19/swagger-core-jakarta-2.2.19.jar:/home/ugo/.m2/repository/io/swagger/core/v3/swagger-annotations-jakarta/2.2.19/swagger-annotations-jakarta-2.2.19.jar:/home/ugo/.m2/repository/io/swagger/core/v3/swagger-models-jakarta/2.2.19/swagger-models-jakarta-2.2.19.jar:/home/ugo/.m2/repository/com/fasterxml/jackson/dataformat/jackson-dataformat-yaml/2.15.4/jackson-dataformat-yaml-2.15.4.jar:/home/ugo/.m2/repository/org/webjars/swagger-ui/5.10.3/swagger-ui-5.10.3.jar:/home/ugo/.m2/repository/org/testcontainers/testcontainers/1.19.7/testcontainers-1.19.7.jar:/home/ugo/.m2/repository/junit/junit/4.13.2/junit-4.13.2.jar:/home/ugo/.m2/repository/org/hamcrest/hamcrest-core/2.2/hamcrest-core-2.2.jar:/home/ugo/.m2/repository/org/slf4j/slf4j-api/2.0.13/slf4j-api-2.0.13.jar:/home/ugo/.m2/repository/org/apache/commons/commons-compress/1.24.0/commons-compress-1.24.0.jar:/home/ugo/.m2/repository/org/rnorth/duct-tape/duct-tape/1.0.8/duct-tape-1.0.8.jar:/home/ugo/.m2/repository/org/jetbrains/annotations/17.0.0/annotations-17.0.0.jar:/home/ugo/.m2/repository/com/github/docker-java/docker-java-api/3.3.6/docker-java-api-3.3.6.jar:/home/ugo/.m2/repository/com/fasterxml/jackson/core/jackson-annotations/2.15.4/jackson-annotations-2.15.4.jar:/home/ugo/.m2/repository/com/github/docker-java/docker-java-transport-zerodep/3.3.6/docker-java-transport-zerodep-3.3.6.jar:/home/ugo/.m2/repository/com/github/docker-java/docker-java-transport/3.3.6/docker-java-transport-3.3.6.jar:/home/ugo/.m2/repository/net/java/dev/jna/jna/5.13.0/jna-5.13.0.jar:/home/ugo/.m2/repository/org/testcontainers/junit-jupiter/1.19.7/junit-jupiter-1.19.7.jar:/home/ugo/.m2/repository/org/testcontainers/postgresql/1.19.7/postgresql-1.19.7.jar:/home/ugo/.m2/repository/org/testcontainers/jdbc/1.19.7/jdbc-1.19.7.jar:/home/ugo/.m2/repository/org/testcontainers/database-commons/1.19.7/database-commons-1.19.7.jar:"/>
    <property name="java.vm.vendor" value="Ubuntu"/>
    <property name="sun.arch.data.model" value="64"/>
    <property name="java.vendor.url" value="https://ubuntu.com/"/>
    <property name="user.timezone" value="Europe/Lisbon"/>
    <property name="org.jboss.logging.provider" value="slf4j"/>
    <property name="os.name" value="Linux"/>
    <property name="java.vm.specification.version" value="21"/>
    <property name="sun.java.launcher" value="SUN_STANDARD"/>
    <property name="user.country" value="US"/>
    <property name="sun.boot.library.path" value="/usr/lib/jvm/java-21-openjdk-amd64/lib"/>
    <property name="sun.java.command" value="/home/ugo/Desktop/UA/3ano/2semestre/TQS/P/TQS_HW1/target/surefire/surefirebooter-20250409230427379_3.jar /home/ugo/Desktop/UA/3ano/2semestre/TQS/P/TQS_HW1/target/surefire 2025-04-09T23-04-27_210-jvmRun1 surefire-20250409230427379_1tmp surefire_0-20250409230427379_2tmp"/>
    <property name="jdk.debug" value="release"/>
    <property name="surefire.test.class.path" value="/home/ugo/Desktop/UA/3ano/2semestre/TQS/P/TQS_HW1/target/test-classes:/home/ugo/Desktop/UA/3ano/2semestre/TQS/P/TQS_HW1/target/classes:/home/ugo/.m2/repository/org/springframework/boot/spring-boot-starter-data-jpa/3.2.5/spring-boot-starter-data-jpa-3.2.5.jar:/home/ugo/.m2/repository/org/springframework/boot/spring-boot-starter-aop/3.2.5/spring-boot-starter-aop-3.2.5.jar:/home/ugo/.m2/repository/org/springframework/spring-aop/6.1.6/spring-aop-6.1.6.jar:/home/ugo/.m2/repository/org/aspectj/aspectjweaver/1.9.22/aspectjweaver-1.9.22.jar:/home/ugo/.m2/repository/org/springframework/boot/spring-boot-starter-jdbc/3.2.5/spring-boot-starter-jdbc-3.2.5.jar:/home/ugo/.m2/repository/com/zaxxer/HikariCP/5.0.1/HikariCP-5.0.1.jar:/home/ugo/.m2/repository/org/springframework/spring-jdbc/6.1.6/spring-jdbc-6.1.6.jar:/home/ugo/.m2/repository/org/hibernate/orm/hibernate-core/6.4.4.Final/hibernate-core-6.4.4.Final.jar:/home/ugo/.m2/repository/jakarta/persistence/jakarta.persistence-api/3.1.0/jakarta.persistence-api-3.1.0.jar:/home/ugo/.m2/repository/jakarta/transaction/jakarta.transaction-api/2.0.1/jakarta.transaction-api-2.0.1.jar:/home/ugo/.m2/repository/org/jboss/logging/jboss-logging/3.5.3.Final/jboss-logging-3.5.3.Final.jar:/home/ugo/.m2/repository/org/hibernate/common/hibernate-commons-annotations/6.0.6.Final/hibernate-commons-annotations-6.0.6.Final.jar:/home/ugo/.m2/repository/io/smallrye/jandex/3.1.2/jandex-3.1.2.jar:/home/ugo/.m2/repository/com/fasterxml/classmate/1.6.0/classmate-1.6.0.jar:/home/ugo/.m2/repository/net/bytebuddy/byte-buddy/1.14.13/byte-buddy-1.14.13.jar:/home/ugo/.m2/repository/org/glassfish/jaxb/jaxb-runtime/4.0.5/jaxb-runtime-4.0.5.jar:/home/ugo/.m2/repository/org/glassfish/jaxb/jaxb-core/4.0.5/jaxb-core-4.0.5.jar:/home/ugo/.m2/repository/org/eclipse/angus/angus-activation/2.0.2/angus-activation-2.0.2.jar:/home/ugo/.m2/repository/org/glassfish/jaxb/txw2/4.0.5/txw2-4.0.5.jar:/home/ugo/.m2/repository/com/sun/istack/istack-commons-runtime/4.1.2/istack-commons-runtime-4.1.2.jar:/home/ugo/.m2/repository/jakarta/inject/jakarta.inject-api/2.0.1/jakarta.inject-api-2.0.1.jar:/home/ugo/.m2/repository/org/antlr/antlr4-runtime/4.13.0/antlr4-runtime-4.13.0.jar:/home/ugo/.m2/repository/org/springframework/data/spring-data-jpa/3.2.5/spring-data-jpa-3.2.5.jar:/home/ugo/.m2/repository/org/springframework/data/spring-data-commons/3.2.5/spring-data-commons-3.2.5.jar:/home/ugo/.m2/repository/org/springframework/spring-orm/6.1.6/spring-orm-6.1.6.jar:/home/ugo/.m2/repository/org/springframework/spring-context/6.1.6/spring-context-6.1.6.jar:/home/ugo/.m2/repository/org/springframework/spring-tx/6.1.6/spring-tx-6.1.6.jar:/home/ugo/.m2/repository/org/springframework/spring-beans/6.1.6/spring-beans-6.1.6.jar:/home/ugo/.m2/repository/jakarta/annotation/jakarta.annotation-api/2.1.1/jakarta.annotation-api-2.1.1.jar:/home/ugo/.m2/repository/org/springframework/spring-aspects/6.1.6/spring-aspects-6.1.6.jar:/home/ugo/.m2/repository/org/springframework/boot/spring-boot-starter-web/3.2.5/spring-boot-starter-web-3.2.5.jar:/home/ugo/.m2/repository/org/springframework/boot/spring-boot-starter/3.2.5/spring-boot-starter-3.2.5.jar:/home/ugo/.m2/repository/org/springframework/boot/spring-boot-starter-logging/3.2.5/spring-boot-starter-logging-3.2.5.jar:/home/ugo/.m2/repository/ch/qos/logback/logback-classic/1.4.14/logback-classic-1.4.14.jar:/home/ugo/.m2/repository/ch/qos/logback/logback-core/1.4.14/logback-core-1.4.14.jar:/home/ugo/.m2/repository/org/apache/logging/log4j/log4j-to-slf4j/2.21.1/log4j-to-slf4j-2.21.1.jar:/home/ugo/.m2/repository/org/apache/logging/log4j/log4j-api/2.21.1/log4j-api-2.21.1.jar:/home/ugo/.m2/repository/org/slf4j/jul-to-slf4j/2.0.13/jul-to-slf4j-2.0.13.jar:/home/ugo/.m2/repository/org/yaml/snakeyaml/2.2/snakeyaml-2.2.jar:/home/ugo/.m2/repository/org/springframework/boot/spring-boot-starter-json/3.2.5/spring-boot-starter-json-3.2.5.jar:/home/ugo/.m2/repository/com/fasterxml/jackson/core/jackson-databind/2.15.4/jackson-databind-2.15.4.jar:/home/ugo/.m2/repository/com/fasterxml/jackson/core/jackson-core/2.15.4/jackson-core-2.15.4.jar:/home/ugo/.m2/repository/com/fasterxml/jackson/datatype/jackson-datatype-jdk8/2.15.4/jackson-datatype-jdk8-2.15.4.jar:/home/ugo/.m2/repository/com/fasterxml/jackson/datatype/jackson-datatype-jsr310/2.15.4/jackson-datatype-jsr310-2.15.4.jar:/home/ugo/.m2/repository/com/fasterxml/jackson/module/jackson-module-parameter-names/2.15.4/jackson-module-parameter-names-2.15.4.jar:/home/ugo/.m2/repository/org/springframework/boot/spring-boot-starter-tomcat/3.2.5/spring-boot-starter-tomcat-3.2.5.jar:/home/ugo/.m2/repository/org/apache/tomcat/embed/tomcat-embed-core/10.1.20/tomcat-embed-core-10.1.20.jar:/home/ugo/.m2/repository/org/apache/tomcat/embed/tomcat-embed-websocket/10.1.20/tomcat-embed-websocket-10.1.20.jar:/home/ugo/.m2/repository/org/springframework/spring-web/6.1.6/spring-web-6.1.6.jar:/home/ugo/.m2/repository/org/springframework/spring-webmvc/6.1.6/spring-webmvc-6.1.6.jar:/home/ugo/.m2/repository/org/springframework/spring-expression/6.1.6/spring-expression-6.1.6.jar:/home/ugo/.m2/repository/org/springframework/boot/spring-boot-starter-cache/3.2.5/spring-boot-starter-cache-3.2.5.jar:/home/ugo/.m2/repository/org/springframework/spring-context-support/6.1.6/spring-context-support-6.1.6.jar:/home/ugo/.m2/repository/org/springframework/boot/spring-boot-starter-validation/3.2.5/spring-boot-starter-validation-3.2.5.jar:/home/ugo/.m2/repository/org/apache/tomcat/embed/tomcat-embed-el/10.1.20/tomcat-embed-el-10.1.20.jar:/home/ugo/.m2/repository/org/hibernate/validator/hibernate-validator/8.0.1.Final/hibernate-validator-8.0.1.Final.jar:/home/ugo/.m2/repository/jakarta/validation/jakarta.validation-api/3.0.2/jakarta.validation-api-3.0.2.jar:/home/ugo/.m2/repository/org/springframework/boot/spring-boot-starter-actuator/3.2.5/spring-boot-starter-actuator-3.2.5.jar:/home/ugo/.m2/repository/org/springframework/boot/spring-boot-actuator-autoconfigure/3.2.5/spring-boot-actuator-autoconfigure-3.2.5.jar:/home/ugo/.m2/repository/org/springframework/boot/spring-boot-actuator/3.2.5/spring-boot-actuator-3.2.5.jar:/home/ugo/.m2/repository/io/micrometer/micrometer-observation/1.12.5/micrometer-observation-1.12.5.jar:/home/ugo/.m2/repository/io/micrometer/micrometer-commons/1.12.5/micrometer-commons-1.12.5.jar:/home/ugo/.m2/repository/io/micrometer/micrometer-jakarta9/1.12.5/micrometer-jakarta9-1.12.5.jar:/home/ugo/.m2/repository/io/micrometer/micrometer-core/1.12.5/micrometer-core-1.12.5.jar:/home/ugo/.m2/repository/org/hdrhistogram/HdrHistogram/2.1.12/HdrHistogram-2.1.12.jar:/home/ugo/.m2/repository/org/latencyutils/LatencyUtils/2.0.3/LatencyUtils-2.0.3.jar:/home/ugo/.m2/repository/org/springframework/cloud/spring-cloud-starter-openfeign/4.1.0/spring-cloud-starter-openfeign-4.1.0.jar:/home/ugo/.m2/repository/org/springframework/cloud/spring-cloud-starter/4.1.0/spring-cloud-starter-4.1.0.jar:/home/ugo/.m2/repository/org/springframework/cloud/spring-cloud-context/4.1.0/spring-cloud-context-4.1.0.jar:/home/ugo/.m2/repository/org/springframework/security/spring-security-rsa/1.1.1/spring-security-rsa-1.1.1.jar:/home/ugo/.m2/repository/org/bouncycastle/bcprov-jdk18on/1.74/bcprov-jdk18on-1.74.jar:/home/ugo/.m2/repository/org/springframework/cloud/spring-cloud-openfeign-core/4.1.0/spring-cloud-openfeign-core-4.1.0.jar:/home/ugo/.m2/repository/io/github/openfeign/form/feign-form-spring/3.8.0/feign-form-spring-3.8.0.jar:/home/ugo/.m2/repository/io/github/openfeign/form/feign-form/3.8.0/feign-form-3.8.0.jar:/home/ugo/.m2/repository/commons-fileupload/commons-fileupload/1.5/commons-fileupload-1.5.jar:/home/ugo/.m2/repository/commons-io/commons-io/2.11.0/commons-io-2.11.0.jar:/home/ugo/.m2/repository/org/springframework/cloud/spring-cloud-commons/4.1.0/spring-cloud-commons-4.1.0.jar:/home/ugo/.m2/repository/org/springframework/security/spring-security-crypto/6.2.4/spring-security-crypto-6.2.4.jar:/home/ugo/.m2/repository/io/github/openfeign/feign-core/13.1/feign-core-13.1.jar:/home/ugo/.m2/repository/io/github/openfeign/feign-slf4j/13.1/feign-slf4j-13.1.jar:/home/ugo/.m2/repository/com/github/ben-manes/caffeine/caffeine/3.1.8/caffeine-3.1.8.jar:/home/ugo/.m2/repository/org/checkerframework/checker-qual/3.37.0/checker-qual-3.37.0.jar:/home/ugo/.m2/repository/com/google/errorprone/error_prone_annotations/2.21.1/error_prone_annotations-2.21.1.jar:/home/ugo/.m2/repository/org/springframework/boot/spring-boot-devtools/3.2.5/spring-boot-devtools-3.2.5.jar:/home/ugo/.m2/repository/org/springframework/boot/spring-boot/3.2.5/spring-boot-3.2.5.jar:/home/ugo/.m2/repository/org/springframework/boot/spring-boot-autoconfigure/3.2.5/spring-boot-autoconfigure-3.2.5.jar:/home/ugo/.m2/repository/org/postgresql/postgresql/42.6.2/postgresql-42.6.2.jar:/home/ugo/.m2/repository/org/projectlombok/lombok/1.18.32/lombok-1.18.32.jar:/home/ugo/.m2/repository/org/springframework/boot/spring-boot-starter-test/3.2.5/spring-boot-starter-test-3.2.5.jar:/home/ugo/.m2/repository/org/springframework/boot/spring-boot-test/3.2.5/spring-boot-test-3.2.5.jar:/home/ugo/.m2/repository/org/springframework/boot/spring-boot-test-autoconfigure/3.2.5/spring-boot-test-autoconfigure-3.2.5.jar:/home/ugo/.m2/repository/com/jayway/jsonpath/json-path/2.9.0/json-path-2.9.0.jar:/home/ugo/.m2/repository/jakarta/xml/bind/jakarta.xml.bind-api/4.0.2/jakarta.xml.bind-api-4.0.2.jar:/home/ugo/.m2/repository/jakarta/activation/jakarta.activation-api/2.1.3/jakarta.activation-api-2.1.3.jar:/home/ugo/.m2/repository/net/minidev/json-smart/2.5.1/json-smart-2.5.1.jar:/home/ugo/.m2/repository/net/minidev/accessors-smart/2.5.1/accessors-smart-2.5.1.jar:/home/ugo/.m2/repository/org/ow2/asm/asm/9.6/asm-9.6.jar:/home/ugo/.m2/repository/org/assertj/assertj-core/3.24.2/assertj-core-3.24.2.jar:/home/ugo/.m2/repository/org/awaitility/awaitility/4.2.1/awaitility-4.2.1.jar:/home/ugo/.m2/repository/org/hamcrest/hamcrest/2.2/hamcrest-2.2.jar:/home/ugo/.m2/repository/org/junit/jupiter/junit-jupiter/5.10.2/junit-jupiter-5.10.2.jar:/home/ugo/.m2/repository/org/junit/jupiter/junit-jupiter-api/5.10.2/junit-jupiter-api-5.10.2.jar:/home/ugo/.m2/repository/org/opentest4j/opentest4j/1.3.0/opentest4j-1.3.0.jar:/home/ugo/.m2/repository/org/junit/platform/junit-platform-commons/1.10.2/junit-platform-commons-1.10.2.jar:/home/ugo/.m2/repository/org/junit/jupiter/junit-jupiter-params/5.10.2/junit-jupiter-params-5.10.2.jar:/home/ugo/.m2/repository/org/junit/jupiter/junit-jupiter-engine/5.10.2/junit-jupiter-engine-5.10.2.jar:/home/ugo/.m2/repository/org/junit/platform/junit-platform-engine/1.10.2/junit-platform-engine-1.10.2.jar:/home/ugo/.m2/repository/org/mockito/mockito-core/5.7.0/mockito-core-5.7.0.jar:/home/ugo/.m2/repository/net/bytebuddy/byte-buddy-agent/1.14.13/byte-buddy-agent-1.14.13.jar:/home/ugo/.m2/repository/org/objenesis/objenesis/3.3/objenesis-3.3.jar:/home/ugo/.m2/repository/org/mockito/mockito-junit-jupiter/5.7.0/mockito-junit-jupiter-5.7.0.jar:/home/ugo/.m2/repository/org/skyscreamer/jsonassert/1.5.1/jsonassert-1.5.1.jar:/home/ugo/.m2/repository/com/vaadin/external/google/android-json/0.0.20131108.vaadin1/android-json-0.0.20131108.vaadin1.jar:/home/ugo/.m2/repository/org/springframework/spring-core/6.1.6/spring-core-6.1.6.jar:/home/ugo/.m2/repository/org/springframework/spring-jcl/6.1.6/spring-jcl-6.1.6.jar:/home/ugo/.m2/repository/org/springframework/spring-test/6.1.6/spring-test-6.1.6.jar:/home/ugo/.m2/repository/org/xmlunit/xmlunit-core/2.9.1/xmlunit-core-2.9.1.jar:/home/ugo/.m2/repository/io/rest-assured/rest-assured/5.3.2/rest-assured-5.3.2.jar:/home/ugo/.m2/repository/org/apache/groovy/groovy/4.0.21/groovy-4.0.21.jar:/home/ugo/.m2/repository/org/apache/groovy/groovy-xml/4.0.21/groovy-xml-4.0.21.jar:/home/ugo/.m2/repository/org/apache/httpcomponents/httpclient/4.5.13/httpclient-4.5.13.jar:/home/ugo/.m2/repository/org/apache/httpcomponents/httpcore/4.4.16/httpcore-4.4.16.jar:/home/ugo/.m2/repository/commons-logging/commons-logging/1.2/commons-logging-1.2.jar:/home/ugo/.m2/repository/commons-codec/commons-codec/1.16.1/commons-codec-1.16.1.jar:/home/ugo/.m2/repository/org/apache/httpcomponents/httpmime/4.5.13/httpmime-4.5.13.jar:/home/ugo/.m2/repository/org/ccil/cowan/tagsoup/tagsoup/1.2.1/tagsoup-1.2.1.jar:/home/ugo/.m2/repository/io/rest-assured/json-path/5.3.2/json-path-5.3.2.jar:/home/ugo/.m2/repository/org/apache/groovy/groovy-json/4.0.21/groovy-json-4.0.21.jar:/home/ugo/.m2/repository/io/rest-assured/rest-assured-common/5.3.2/rest-assured-common-5.3.2.jar:/home/ugo/.m2/repository/io/rest-assured/xml-path/5.3.2/xml-path-5.3.2.jar:/home/ugo/.m2/repository/org/apache/commons/commons-lang3/3.13.0/commons-lang3-3.13.0.jar:/home/ugo/.m2/repository/org/seleniumhq/selenium/selenium-java/4.14.1/selenium-java-4.14.1.jar:/home/ugo/.m2/repository/org/seleniumhq/selenium/selenium-api/4.14.1/selenium-api-4.14.1.jar:/home/ugo/.m2/repository/org/seleniumhq/selenium/selenium-chrome-driver/4.14.1/selenium-chrome-driver-4.14.1.jar:/home/ugo/.m2/repository/com/google/auto/service/auto-service-annotations/1.1.1/auto-service-annotations-1.1.1.jar:/home/ugo/.m2/repository/com/google/guava/guava/32.1.2-jre/guava-32.1.2-jre.jar:/home/ugo/.m2/repository/com/google/guava/failureaccess/1.0.1/failureaccess-1.0.1.jar:/home/ugo/.m2/repository/com/google/guava/listenablefuture/9999.0-empty-to-avoid-conflict-with-guava/listenablefuture-9999.0-empty-to-avoid-conflict-with-guava.jar:/home/ugo/.m2/repository/com/google/code/findbugs/jsr305/3.0.2/jsr305-3.0.2.jar:/home/ugo/.m2/repository/com/google/j2objc/j2objc-annotations/2.8/j2objc-annotations-2.8.jar:/home/ugo/.m2/repository/org/seleniumhq/selenium/selenium-chromium-driver/4.14.1/selenium-chromium-driver-4.14.1.jar:/home/ugo/.m2/repository/org/seleniumhq/selenium/selenium-json/4.14.1/selenium-json-4.14.1.jar:/home/ugo/.m2/repository/org/seleniumhq/selenium/selenium-manager/4.14.1/selenium-manager-4.14.1.jar:/home/ugo/.m2/repository/org/seleniumhq/selenium/selenium-devtools-v116/4.14.1/selenium-devtools-v116-4.14.1.jar:/home/ugo/.m2/repository/org/seleniumhq/selenium/selenium-devtools-v117/4.14.1/selenium-devtools-v117-4.14.1.jar:/home/ugo/.m2/repository/org/seleniumhq/selenium/selenium-devtools-v118/4.14.1/selenium-devtools-v118-4.14.1.jar:/home/ugo/.m2/repository/org/seleniumhq/selenium/selenium-devtools-v85/4.14.1/selenium-devtools-v85-4.14.1.jar:/home/ugo/.m2/repository/org/seleniumhq/selenium/selenium-edge-driver/4.14.1/selenium-edge-driver-4.14.1.jar:/home/ugo/.m2/repository/org/seleniumhq/selenium/selenium-firefox-driver/4.14.1/selenium-firefox-driver-4.14.1.jar:/home/ugo/.m2/repository/org/seleniumhq/selenium/selenium-http/4.14.1/selenium-http-4.14.1.jar:/home/ugo/.m2/repository/dev/failsafe/failsafe/3.3.2/failsafe-3.3.2.jar:/home/ugo/.m2/repository/org/seleniumhq/selenium/selenium-ie-driver/4.14.1/selenium-ie-driver-4.14.1.jar:/home/ugo/.m2/repository/org/seleniumhq/selenium/selenium-remote-driver/4.14.1/selenium-remote-driver-4.14.1.jar:/home/ugo/.m2/repository/io/opentelemetry/opentelemetry-api/1.31.0/opentelemetry-api-1.31.0.jar:/home/ugo/.m2/repository/io/opentelemetry/opentelemetry-context/1.31.0/opentelemetry-context-1.31.0.jar:/home/ugo/.m2/repository/io/opentelemetry/opentelemetry-exporter-logging/1.31.0/opentelemetry-exporter-logging-1.31.0.jar:/home/ugo/.m2/repository/io/opentelemetry/opentelemetry-sdk-common/1.31.0/opentelemetry-sdk-common-1.31.0.jar:/home/ugo/.m2/repository/io/opentelemetry/opentelemetry-sdk-extension-autoconfigure-spi/1.31.0/opentelemetry-sdk-extension-autoconfigure-spi-1.31.0.jar:/home/ugo/.m2/repository/io/opentelemetry/opentelemetry-sdk-extension-autoconfigure/1.31.0/opentelemetry-sdk-extension-autoconfigure-1.31.0.jar:/home/ugo/.m2/repository/io/opentelemetry/opentelemetry-api-events/1.31.0-alpha/opentelemetry-api-events-1.31.0-alpha.jar:/home/ugo/.m2/repository/io/opentelemetry/opentelemetry-sdk-trace/1.31.0/opentelemetry-sdk-trace-1.31.0.jar:/home/ugo/.m2/repository/io/opentelemetry/opentelemetry-sdk/1.31.0/opentelemetry-sdk-1.31.0.jar:/home/ugo/.m2/repository/io/opentelemetry/opentelemetry-sdk-metrics/1.31.0/opentelemetry-sdk-metrics-1.31.0.jar:/home/ugo/.m2/repository/io/opentelemetry/opentelemetry-extension-incubator/1.31.0-alpha/opentelemetry-extension-incubator-1.31.0-alpha.jar:/home/ugo/.m2/repository/io/opentelemetry/opentelemetry-sdk-logs/1.31.0/opentelemetry-sdk-logs-1.31.0.jar:/home/ugo/.m2/repository/io/opentelemetry/opentelemetry-semconv/1.28.0-alpha/opentelemetry-semconv-1.28.0-alpha.jar:/home/ugo/.m2/repository/org/seleniumhq/selenium/selenium-os/4.14.1/selenium-os-4.14.1.jar:/home/ugo/.m2/repository/org/apache/commons/commons-exec/1.3/commons-exec-1.3.jar:/home/ugo/.m2/repository/org/seleniumhq/selenium/selenium-safari-driver/4.14.1/selenium-safari-driver-4.14.1.jar:/home/ugo/.m2/repository/org/seleniumhq/selenium/selenium-support/4.14.1/selenium-support-4.14.1.jar:/home/ugo/.m2/repository/io/cucumber/cucumber-java/7.15.0/cucumber-java-7.15.0.jar:/home/ugo/.m2/repository/io/cucumber/cucumber-core/7.15.0/cucumber-core-7.15.0.jar:/home/ugo/.m2/repository/io/cucumber/cucumber-gherkin/7.15.0/cucumber-gherkin-7.15.0.jar:/home/ugo/.m2/repository/io/cucumber/cucumber-gherkin-messages/7.15.0/cucumber-gherkin-messages-7.15.0.jar:/home/ugo/.m2/repository/io/cucumber/gherkin/26.2.0/gherkin-26.2.0.jar:/home/ugo/.m2/repository/io/cucumber/messages/22.0.0/messages-22.0.0.jar:/home/ugo/.m2/repository/io/cucumber/tag-expressions/6.0.0/tag-expressions-6.0.0.jar:/home/ugo/.m2/repository/io/cucumber/cucumber-expressions/17.0.1/cucumber-expressions-17.0.1.jar:/home/ugo/.m2/repository/io/cucumber/datatable/7.15.0/datatable-7.15.0.jar:/home/ugo/.m2/repository/io/cucumber/cucumber-plugin/7.15.0/cucumber-plugin-7.15.0.jar:/home/ugo/.m2/repository/io/cucumber/docstring/7.15.0/docstring-7.15.0.jar:/home/ugo/.m2/repository/io/cucumber/html-formatter/20.4.0/html-formatter-20.4.0.jar:/home/ugo/.m2/repository/io/cucumber/junit-xml-formatter/0.2.0/junit-xml-formatter-0.2.0.jar:/home/ugo/.m2/repository/io/cucumber/ci-environment/10.0.0/ci-environment-10.0.0.jar:/home/ugo/.m2/repository/org/apiguardian/apiguardian-api/1.1.2/apiguardian-api-1.1.2.jar:/home/ugo/.m2/repository/io/cucumber/cucumber-spring/7.15.0/cucumber-spring-7.15.0.jar:/home/ugo/.m2/repository/com/h2database/h2/2.2.224/h2-2.2.224.jar:/home/ugo/.m2/repository/org/springdoc/springdoc-openapi-starter-webmvc-ui/2.3.0/springdoc-openapi-starter-webmvc-ui-2.3.0.jar:/home/ugo/.m2/repository/org/springdoc/springdoc-openapi-starter-webmvc-api/2.3.0/springdoc-openapi-starter-webmvc-api-2.3.0.jar:/home/ugo/.m2/repository/org/springdoc/springdoc-openapi-starter-common/2.3.0/springdoc-openapi-starter-common-2.3.0.jar:/home/ugo/.m2/repository/io/swagger/core/v3/swagger-core-jakarta/2.2.19/swagger-core-jakarta-2.2.19.jar:/home/ugo/.m2/repository/io/swagger/core/v3/swagger-annotations-jakarta/2.2.19/swagger-annotations-jakarta-2.2.19.jar:/home/ugo/.m2/repository/io/swagger/core/v3/swagger-models-jakarta/2.2.19/swagger-models-jakarta-2.2.19.jar:/home/ugo/.m2/repository/com/fasterxml/jackson/dataformat/jackson-dataformat-yaml/2.15.4/jackson-dataformat-yaml-2.15.4.jar:/home/ugo/.m2/repository/org/webjars/swagger-ui/5.10.3/swagger-ui-5.10.3.jar:/home/ugo/.m2/repository/org/testcontainers/testcontainers/1.19.7/testcontainers-1.19.7.jar:/home/ugo/.m2/repository/junit/junit/4.13.2/junit-4.13.2.jar:/home/ugo/.m2/repository/org/hamcrest/hamcrest-core/2.2/hamcrest-core-2.2.jar:/home/ugo/.m2/repository/org/slf4j/slf4j-api/2.0.13/slf4j-api-2.0.13.jar:/home/ugo/.m2/repository/org/apache/commons/commons-compress/1.24.0/commons-compress-1.24.0.jar:/home/ugo/.m2/repository/org/rnorth/duct-tape/duct-tape/1.0.8/duct-tape-1.0.8.jar:/home/ugo/.m2/repository/org/jetbrains/annotations/17.0.0/annotations-17.0.0.jar:/home/ugo/.m2/repository/com/github/docker-java/docker-java-api/3.3.6/docker-java-api-3.3.6.jar:/home/ugo/.m2/repository/com/fasterxml/jackson/core/jackson-annotations/2.15.4/jackson-annotations-2.15.4.jar:/home/ugo/.m2/repository/com/github/docker-java/docker-java-transport-zerodep/3.3.6/docker-java-transport-zerodep-3.3.6.jar:/home/ugo/.m2/repository/com/github/docker-java/docker-java-transport/3.3.6/docker-java-transport-3.3.6.jar:/home/ugo/.m2/repository/net/java/dev/jna/jna/5.13.0/jna-5.13.0.jar:/home/ugo/.m2/repository/org/testcontainers/junit-jupiter/1.19.7/junit-jupiter-1.19.7.jar:/home/ugo/.m2/repository/org/testcontainers/postgresql/1.19.7/postgresql-1.19.7.jar:/home/ugo/.m2/repository/org/testcontainers/jdbc/1.19.7/jdbc-1.19.7.jar:/home/ugo/.m2/repository/org/testcontainers/database-commons/1.19.7/database-commons-1.19.7.jar:"/>
    <property name="sun.cpu.endian" value="little"/>
    <property name="user.home" value="/home/ugo"/>
    <property name="user.language" value="en"/>
    <property name="java.specification.vendor" value="Oracle Corporation"/>
    <property name="java.version.date" value="2025-01-21"/>
    <property name="java.home" value="/usr/lib/jvm/java-21-openjdk-amd64"/>
    <property name="file.separator" value="/"/>
    <property name="basedir" value="/home/ugo/Desktop/UA/3ano/2semestre/TQS/P/TQS_HW1"/>
    <property name="java.vm.compressedOopsMode" value="Zero based"/>
    <property name="line.separator" value="&#10;"/>
    <property name="java.specification.name" value="Java Platform API Specification"/>
    <property name="java.vm.specification.vendor" value="Oracle Corporation"/>
    <property name="FILE_LOG_CHARSET" value="UTF-8"/>
    <property name="java.awt.headless" value="true"/>
    <property name="surefire.real.class.path" value="/home/ugo/Desktop/UA/3ano/2semestre/TQS/P/TQS_HW1/target/surefire/surefirebooter-20250409230427379_3.jar"/>
    <property name="sun.management.compiler" value="HotSpot 64-Bit Tiered Compilers"/>
    <property name="java.runtime.version" value="21.0.6+7-Ubuntu-122.04.1"/>
    <property name="user.name" value="ugo"/>
    <property name="stdout.encoding" value="UTF-8"/>
    <property name="path.separator" value=":"/>
    <property name="os.version" value="6.8.0-57-generic"/>
    <property name="java.runtime.name" value="OpenJDK Runtime Environment"/>
    <property name="file.encoding" value="UTF-8"/>
    <property name="java.vm.name" value="OpenJDK 64-Bit Server VM"/>
    <property name="localRepository" value="/home/ugo/.m2/repository"/>
    <property name="java.vendor.url.bug" value="https://bugs.launchpad.net/ubuntu/+source/openjdk-21"/>
    <property name="java.io.tmpdir" value="/tmp"/>
    <property name="com.zaxxer.hikari.pool_number" value="1"/>
    <property name="java.version" value="21.0.6"/>
    <property name="user.dir" value="/home/ugo/Desktop/UA/3ano/2semestre/TQS/P/TQS_HW1"/>
    <property name="os.arch" value="amd64"/>
    <property name="java.vm.specification.name" value="Java Virtual Machine Specification"/>
    <property name="PID" value="1878996"/>
    <property name="CONSOLE_LOG_CHARSET" value="UTF-8"/>
    <property name="native.encoding" value="UTF-8"/>
    <property name="java.library.path" value="/home/ugo/Downloads/cursor/usr/lib/:/home/ugo/Downloads/cursor/usr/lib32/:/home/ugo/Downloads/cursor/usr/lib64/:/home/ugo/Downloads/cursor/lib/:/home/ugo/Downloads/cursor/lib/i386-linux-gnu/:/home/ugo/Downloads/cursor/lib/x86_64-linux-gnu/:/home/ugo/Downloads/cursor/lib/aarch64-linux-gnu/:/home/ugo/Downloads/cursor/lib32/:/home/ugo/Downloads/cursor/lib64/::/usr/java/packages/lib:/usr/lib/x86_64-linux-gnu/jni:/lib/x86_64-linux-gnu:/usr/lib/x86_64-linux-gnu:/usr/lib/jni:/lib:/usr/lib"/>
    <property name="java.vm.info" value="mixed mode, sharing"/>
    <property name="stderr.encoding" value="UTF-8"/>
    <property name="java.vendor" value="Ubuntu"/>
    <property name="java.vm.version" value="21.0.6+7-Ubuntu-122.04.1"/>
    <property name="sun.io.unicode.encoding" value="UnicodeLittle"/>
    <property name="java.class.version" value="65.0"/>
  </properties>
  <testcase name="testRestaurantRepository" classname="pt.ua.tqs.moliceiro.meals.MoliceiroMealsApplicationTests" time="0.105">
    <system-out><![CDATA[23:04:32.380 [main] INFO org.springframework.test.context.support.AnnotationConfigContextLoaderUtils -- Could not detect default configuration classes for test class [pt.ua.tqs.moliceiro.meals.MoliceiroMealsApplicationTests]: MoliceiroMealsApplicationTests does not declare any static, non-private, non-final, nested classes annotated with @Configuration.
23:04:32.692 [main] INFO org.springframework.boot.test.context.SpringBootTestContextBootstrapper -- Found @SpringBootConfiguration pt.ua.tqs.moliceiro.meals.MoliceiroMealsApplication for test class pt.ua.tqs.moliceiro.meals.MoliceiroMealsApplicationTests
23:04:32.967 [main] INFO org.testcontainers.images.PullPolicy -- Image pull policy will be performed by: DefaultPullPolicy()
23:04:32.970 [main] INFO org.testcontainers.utility.ImageNameSubstitutor -- Image name substitution will be performed by: DefaultImageNameSubstitutor (composite of 'ConfigurationFileImageNameSubstitutor' and 'PrefixingImageNameSubstitutor')
23:04:33.524 [main] INFO org.testcontainers.dockerclient.DockerClientProviderStrategy -- Loaded org.testcontainers.dockerclient.UnixSocketClientProviderStrategy from ~/.testcontainers.properties, will try it first
23:04:34.119 [main] INFO org.testcontainers.dockerclient.DockerClientProviderStrategy -- Found Docker environment with local Unix socket (unix:///var/run/docker.sock)
23:04:34.123 [main] INFO org.testcontainers.DockerClientFactory -- Docker host IP address is localhost
23:04:34.151 [main] INFO org.testcontainers.DockerClientFactory -- Connected to docker: 
  Server Version: 25.0.2
  API Version: 1.44
  Operating System: Ubuntu 23.04
  Total Memory: 15829 MB
23:04:34.199 [main] INFO tc.testcontainers/ryuk:0.6.0 -- Creating container for image: testcontainers/ryuk:0.6.0
23:04:34.393 [main] INFO tc.testcontainers/ryuk:0.6.0 -- Container testcontainers/ryuk:0.6.0 is starting: 8e8f7471640f0cd0b4c0935f03d864f2f8b171b92ad0b416c2af46f0374c55c9
23:04:34.795 [main] INFO tc.testcontainers/ryuk:0.6.0 -- Container testcontainers/ryuk:0.6.0 started in PT0.595956039S
23:04:34.804 [main] INFO org.testcontainers.utility.RyukResourceReaper -- Ryuk started - will monitor and terminate Testcontainers containers on JVM exit
23:04:34.804 [main] INFO org.testcontainers.DockerClientFactory -- Checking the system...
23:04:34.806 [main] INFO org.testcontainers.DockerClientFactory -- ✔︎ Docker server version should be at least 1.6.0
23:04:34.807 [main] INFO tc.postgres:15-alpine -- Creating container for image: postgres:15-alpine
23:04:34.851 [main] INFO tc.postgres:15-alpine -- Container postgres:15-alpine is starting: b4803059ffbdcaa14be3c4dc0aa0a8db4c77275d28357999d597fd50255dae0a
23:04:37.105 [main] INFO tc.postgres:15-alpine -- Container postgres:15-alpine started in PT2.298063276S
23:04:37.106 [main] INFO tc.postgres:15-alpine -- Container is started (JDBC URL: jdbc:postgresql://localhost:33146/testdb?loggerLevel=OFF)
23:04:37.150 [main] INFO org.springframework.boot.devtools.restart.RestartApplicationListener -- Restart disabled due to context in which it is running

  .   ____          _            __ _ _
 /\\ / ___'_ __ _ _(_)_ __  __ _ \ \ \ \
( ( )\___ | '_ | '_| | '_ \/ _` | \ \ \ \
 \\/  ___)| |_)| | | | | || (_| |  ) ) ) )
  '  |____| .__|_| |_|_| |_\__, | / / / /
 =========|_|==============|___/=/_/_/_/
 :: Spring Boot ::                (v3.2.5)

2025-04-09T23:04:37.701+01:00  INFO 1878996 --- [           main] p.u.t.m.m.MoliceiroMealsApplicationTests : Starting MoliceiroMealsApplicationTests using Java 21.0.6 with PID 1878996 (started by ugo in /home/ugo/Desktop/UA/3ano/2semestre/TQS/P/TQS_HW1)
2025-04-09T23:04:37.702+01:00  INFO 1878996 --- [           main] p.u.t.m.m.MoliceiroMealsApplicationTests : No active profile set, falling back to 1 default profile: "default"
2025-04-09T23:04:39.303+01:00  INFO 1878996 --- [           main] .s.d.r.c.RepositoryConfigurationDelegate : Bootstrapping Spring Data JPA repositories in DEFAULT mode.
2025-04-09T23:04:39.355+01:00  INFO 1878996 --- [           main] .s.d.r.c.RepositoryConfigurationDelegate : Finished Spring Data repository scanning in 43 ms. Found 4 JPA repository interfaces.
2025-04-09T23:04:39.587+01:00  INFO 1878996 --- [           main] o.s.cloud.context.scope.GenericScope     : BeanFactory id=411d434b-cb6c-32a8-9c12-3c8d01d1f461
2025-04-09T23:04:40.375+01:00  INFO 1878996 --- [           main] o.hibernate.jpa.internal.util.LogHelper  : HHH000204: Processing PersistenceUnitInfo [name: default]
2025-04-09T23:04:40.427+01:00  INFO 1878996 --- [           main] org.hibernate.Version                    : HHH000412: Hibernate ORM core version 6.4.4.Final
2025-04-09T23:04:40.457+01:00  INFO 1878996 --- [           main] o.h.c.internal.RegionFactoryInitiator    : HHH000026: Second-level cache disabled
2025-04-09T23:04:40.563+01:00  INFO 1878996 --- [           main] o.s.o.j.p.SpringPersistenceUnitInfo      : No LoadTimeWeaver setup: ignoring JPA class transformer
2025-04-09T23:04:40.601+01:00  INFO 1878996 --- [           main] com.zaxxer.hikari.HikariDataSource       : HikariPool-1 - Starting...
2025-04-09T23:04:40.811+01:00  INFO 1878996 --- [           main] com.zaxxer.hikari.pool.HikariPool        : HikariPool-1 - Added connection org.postgresql.jdbc.PgConnection@1cd4082a
2025-04-09T23:04:40.812+01:00  INFO 1878996 --- [           main] com.zaxxer.hikari.HikariDataSource       : HikariPool-1 - Start completed.
2025-04-09T23:04:40.836+01:00  WARN 1878996 --- [           main] org.hibernate.orm.deprecation            : HHH90000025: PostgreSQLDialect does not need to be specified explicitly using 'hibernate.dialect' (remove the property setting and it will be selected by default)
2025-04-09T23:04:41.584+01:00  INFO 1878996 --- [           main] o.h.e.t.j.p.i.JtaPlatformInitiator       : HHH000489: No JTA platform available (set 'hibernate.transaction.jta.platform' to enable JTA platform integration)
Hibernate: 
    alter table if exists meals 
       drop constraint if exists FKbgjh8qhpl94lso4d5l6nbiyry
2025-04-09T23:04:41.601+01:00  WARN 1878996 --- [           main] o.h.engine.jdbc.spi.SqlExceptionHelper   : SQL Warning Code: 0, SQLState: 00000
2025-04-09T23:04:41.602+01:00  WARN 1878996 --- [           main] o.h.engine.jdbc.spi.SqlExceptionHelper   : relation "meals" does not exist, skipping
Hibernate: 
    alter table if exists reservations 
       drop constraint if exists FKgs1oslpypqv79fn296j6chtu6
2025-04-09T23:04:41.603+01:00  WARN 1878996 --- [           main] o.h.engine.jdbc.spi.SqlExceptionHelper   : SQL Warning Code: 0, SQLState: 00000
2025-04-09T23:04:41.604+01:00  WARN 1878996 --- [           main] o.h.engine.jdbc.spi.SqlExceptionHelper   : relation "reservations" does not exist, skipping
Hibernate: 
    drop table if exists meals cascade
2025-04-09T23:04:41.605+01:00  WARN 1878996 --- [           main] o.h.engine.jdbc.spi.SqlExceptionHelper   : SQL Warning Code: 0, SQLState: 00000
2025-04-09T23:04:41.605+01:00  WARN 1878996 --- [           main] o.h.engine.jdbc.spi.SqlExceptionHelper   : table "meals" does not exist, skipping
Hibernate: 
    drop table if exists reservations cascade
2025-04-09T23:04:41.605+01:00  WARN 1878996 --- [           main] o.h.engine.jdbc.spi.SqlExceptionHelper   : SQL Warning Code: 0, SQLState: 00000
2025-04-09T23:04:41.605+01:00  WARN 1878996 --- [           main] o.h.engine.jdbc.spi.SqlExceptionHelper   : table "reservations" does not exist, skipping
Hibernate: 
    drop table if exists restaurants cascade
2025-04-09T23:04:41.607+01:00  WARN 1878996 --- [           main] o.h.engine.jdbc.spi.SqlExceptionHelper   : SQL Warning Code: 0, SQLState: 00000
2025-04-09T23:04:41.608+01:00  WARN 1878996 --- [           main] o.h.engine.jdbc.spi.SqlExceptionHelper   : table "restaurants" does not exist, skipping
Hibernate: 
    drop table if exists weather_forecasts cascade
2025-04-09T23:04:41.610+01:00  WARN 1878996 --- [           main] o.h.engine.jdbc.spi.SqlExceptionHelper   : SQL Warning Code: 0, SQLState: 00000
2025-04-09T23:04:41.610+01:00  WARN 1878996 --- [           main] o.h.engine.jdbc.spi.SqlExceptionHelper   : table "weather_forecasts" does not exist, skipping
Hibernate: 
    create table meals (
        date date not null,
        price float(53) not null,
        id bigserial not null,
        restaurant_id bigint not null,
        description varchar(255) not null,
        meal_type varchar(255) not null,
        name varchar(255) not null,
        primary key (id)
    )
Hibernate: 
    create table reservations (
        is_used boolean not null,
        number_of_people integer not null,
        id bigserial not null,
        meal_id bigint not null,
        reservation_time timestamp(6) not null,
        customer_email varchar(255) not null,
        customer_name varchar(255) not null,
        reservation_code varchar(255) not null unique,
        status varchar(255) not null check (status in ('PENDING','ACTIVE','COMPLETED','CANCELED')),
        primary key (id)
    )
Hibernate: 
    create table restaurants (
        capacity integer not null,
        id bigserial not null,
        location varchar(255) not null,
        name varchar(255) not null,
        operating_hours varchar(255) not null,
        primary key (id)
    )
Hibernate: 
    create table weather_forecasts (
        date date not null,
        humidity float(53) not null,
        temperature float(53) not null,
        wind_speed float(53) not null,
        id bigserial not null,
        timestamp bigint not null,
        description varchar(255) not null,
        location varchar(255) not null,
        primary key (id)
    )
Hibernate: 
    alter table if exists meals 
       add constraint FKbgjh8qhpl94lso4d5l6nbiyry 
       foreign key (restaurant_id) 
       references restaurants
Hibernate: 
    alter table if exists reservations 
       add constraint FKgs1oslpypqv79fn296j6chtu6 
       foreign key (meal_id) 
       references meals
2025-04-09T23:04:41.646+01:00  INFO 1878996 --- [           main] j.LocalContainerEntityManagerFactoryBean : Initialized JPA EntityManagerFactory for persistence unit 'default'
2025-04-09T23:04:42.515+01:00  WARN 1878996 --- [           main] JpaBaseConfiguration$JpaWebConfiguration : spring.jpa.open-in-view is enabled by default. Therefore, database queries may be performed during view rendering. Explicitly configure spring.jpa.open-in-view to disable this warning
2025-04-09T23:04:42.900+01:00  INFO 1878996 --- [           main] o.s.b.a.w.s.WelcomePageHandlerMapping    : Adding welcome page: class path resource [static/index.html]
2025-04-09T23:04:44.205+01:00  INFO 1878996 --- [           main] o.s.b.a.e.web.EndpointLinksResolver      : Exposing 1 endpoint(s) beneath base path '/actuator'
2025-04-09T23:04:44.318+01:00  INFO 1878996 --- [           main] p.u.t.m.m.MoliceiroMealsApplicationTests : Started MoliceiroMealsApplicationTests in 7.181 seconds (process running for 16.774)
Hibernate: 
    insert 
    into
        restaurants
        (capacity, location, name, operating_hours) 
    values
        (?, ?, ?, ?)
]]></system-out>
  </testcase>
  <testcase name="contextLoads" classname="pt.ua.tqs.moliceiro.meals.MoliceiroMealsApplicationTests" time="0.004"/>
</testsuite>